\BOOKMARK [1][-]{section.1}{\376\377\004\022\004\062\004\065\004\064\004\065\004\075\004\070\004\065}{}% 1
\BOOKMARK [2][-]{subsection.1.1}{\376\377\004\036\004\061\004\067\004\076\004\100\000\040\004\073\004\070\004\102\004\065\004\100\004\060\004\102\004\103\004\100\004\113}{section.1}% 2
\BOOKMARK [3][-]{subsubsection.1.1.1}{\376\377\004\037\004\076\004\073\004\070\004\104\004\060\004\100\004\074\004\060\004\072\004\076\004\073\004\076\004\063\004\070\004\117}{subsection.1.1}% 3
\BOOKMARK [3][-]{subsubsection.1.1.2}{\376\377\004\035\004\065\004\101\004\077\004\065\004\106\004\070\004\104\004\070\004\107\004\075\004\113\004\065\000\040\004\062\004\067\004\060\004\070\004\074\004\076\004\064\004\065\004\071\004\101\004\102\004\062\004\070\004\117}{subsection.1.1}% 4
\BOOKMARK [3][-]{subsubsection.1.1.3}{\376\377\004\041\004\103\004\111\004\065\004\101\004\102\004\062\004\103\004\116\004\111\004\070\004\065\000\040\004\077\004\100\004\076\004\102\004\076\004\072\004\076\004\073\004\113}{subsection.1.1}% 5
\BOOKMARK [1][-]{section.2}{\376\377\004\036\004\101\004\075\004\076\004\062\004\075\004\076\004\065\000\040\004\101\004\076\004\064\004\065\004\100\004\066\004\060\004\075\004\070\004\065}{}% 6
\BOOKMARK [2][-]{subsection.2.1}{\376\377\004\036\004\061\004\111\004\060\004\117\000\040\004\101\004\102\004\100\004\103\004\072\004\102\004\103\004\100\004\060\000\040\004\077\004\100\004\076\004\102\004\076\004\072\004\076\004\073\004\060}{section.2}% 7
\BOOKMARK [2][-]{subsection.2.2}{\376\377\004\034\004\060\004\102\004\065\004\100\004\070\004\060\004\073\004\113\000\040\004\070\000\040\004\074\004\065\004\102\004\076\004\064\004\113\000\040\004\070\004\101\004\101\004\073\004\065\004\064\004\076\004\062\004\060\004\075\004\070\004\117}{section.2}% 8
\BOOKMARK [3][-]{subsubsection.2.2.1}{\376\377\004\021\004\070\004\076\004\073\004\076\004\063\004\070\004\107\004\065\004\101\004\072\004\070\004\065\000\040\004\061\004\060\004\067\004\113\000\040\004\064\004\060\004\075\004\075\004\113\004\105}{subsection.2.2}% 9
\BOOKMARK [3][-]{subsubsection.2.2.2}{\376\377\004\032\004\076\004\115\004\104\004\104\004\070\004\106\004\070\004\065\004\075\004\102\004\113\000\040\004\026\004\060\004\072\004\072\004\060\004\100\004\060\000\040\004\070\000\040\004\042\004\060\004\075\004\070\004\074\004\076\004\102\004\076}{subsection.2.2}% 10
\BOOKMARK [3][-]{subsubsection.2.2.3}{\376\377\004\041\004\105\004\076\004\064\004\101\004\102\004\062\004\076\000\040\004\061\004\065\004\073\004\072\004\076\004\062\000\040\004\077\004\076\000\040\004\060\004\074\004\070\004\075\004\076\004\072\004\070\004\101\004\073\004\076\004\102\004\075\004\076\004\071\000\040\004\077\004\076\004\101\004\073\004\065\004\064\004\076\004\062\004\060\004\102\004\065\004\073\004\114\004\075\004\076\004\101\004\102\004\070}{subsection.2.2}% 11
\BOOKMARK [3][-]{subsubsection.2.2.4}{\376\377\004\041\004\105\004\076\004\064\004\101\004\102\004\062\004\076\000\040\004\061\004\065\004\073\004\072\004\076\004\062\000\040\004\077\004\076\000\040\004\101\004\102\004\100\004\103\004\072\004\102\004\103\004\100\004\065}{subsection.2.2}% 12
\BOOKMARK [3][-]{subsubsection.2.2.5}{\376\377\004\041\004\105\004\076\004\064\004\101\004\102\004\062\004\076\000\040\004\073\004\070\004\063\004\060\004\075\004\064\004\076\004\062\000\040\004\077\004\076\000\040\004\101\004\102\004\100\004\103\004\072\004\102\004\103\004\100\004\065}{subsection.2.2}% 13
\BOOKMARK [3][-]{subsubsection.2.2.6}{\376\377\004\041\004\105\004\076\004\064\004\101\004\102\004\062\004\076\000\040\004\101\004\060\004\071\004\102\004\076\004\062\000\040\004\101\004\062\004\117\004\067\004\113\004\062\004\060\004\075\004\070\004\117}{subsection.2.2}% 14
\BOOKMARK [2][-]{subsection.2.3}{\376\377\004\036\004\077\004\070\004\101\004\060\004\075\004\070\004\065\000\040\004\077\004\100\004\076\004\063\004\100\004\060\004\074\004\074\004\075\004\076\004\063\004\076\000\040\004\074\004\076\004\064\004\103\004\073\004\117\000\040\004\070\000\040\004\100\004\065\004\067\004\103\004\073\004\114\004\102\004\060\004\102\004\113}{section.2}% 15
\BOOKMARK [3][-]{subsubsection.2.3.1}{\376\377\004\030\004\067\004\062\004\073\004\065\004\107\004\065\004\075\004\070\004\065\000\040\004\064\004\060\004\075\004\075\004\113\004\105}{subsection.2.3}% 16
\BOOKMARK [3][-]{subsubsection.2.3.2}{\376\377\004\041\004\105\004\076\004\064\004\101\004\102\004\062\004\076\000\040\004\061\004\065\004\073\004\072\004\076\004\062\000\040\004\077\004\076\000\040\004\060\004\074\004\070\004\075\004\076\004\072\004\070\004\101\004\073\004\076\004\102\004\075\004\076\004\071\000\040\004\077\004\076\004\101\004\073\004\065\004\064\004\076\004\062\004\060\004\102\004\065\004\073\004\114\004\075\004\076\004\101\004\102\004\070}{subsection.2.3}% 17
\BOOKMARK [3][-]{subsubsection.2.3.3}{\376\377\004\041\004\105\004\076\004\064\004\101\004\102\004\062\004\076\000\040\004\061\004\065\004\073\004\072\004\076\004\062\000\040\004\077\004\076\000\040\004\101\004\102\004\100\004\103\004\072\004\102\004\103\004\100\004\065}{subsection.2.3}% 18
\BOOKMARK [3][-]{subsubsection.2.3.4}{\376\377\004\041\004\105\004\076\004\064\004\101\004\102\004\062\004\076\000\040\004\073\004\070\004\063\004\060\004\075\004\064\004\076\004\062\000\040\004\077\004\076\000\040\004\101\004\102\004\100\004\103\004\072\004\102\004\103\004\100\004\065}{subsection.2.3}% 19
\BOOKMARK [3][-]{subsubsection.2.3.5}{\376\377\004\041\004\105\004\076\004\064\004\101\004\102\004\062\004\076\000\040\004\101\004\060\004\071\004\102\004\076\004\062\000\040\004\101\004\062\004\117\004\067\004\113\004\062\004\060\004\075\004\070\004\117}{subsection.2.3}% 20
\BOOKMARK [1][-]{section.3}{\376\377\004\027\004\060\004\072\004\073\004\116\004\107\004\065\004\075\004\070\004\065}{}% 21
\BOOKMARK [1][-]{section*.6}{\376\377\004\041\004\077\004\070\004\101\004\076\004\072\000\040\004\070\004\101\004\077\004\076\004\073\004\114\004\067\004\076\004\062\004\060\004\075\004\075\004\113\004\105\000\040\004\070\004\101\004\102\004\076\004\107\004\075\004\070\004\072\004\076\004\062}{}% 22
